********************************************************************************
DUPLICATOR-LITE PACKAGE-LOG: September 18, 2021 2:07 pm
NOTICE: Do NOT post to public sites or forums 
********************************************************************************
VERSION:	1.4.3
WORDPRESS:	5.8.1
PHP INFO:	7.4.22 | SAPI: apache2handler
SERVER:		Apache/2.4.35 (Win64) OpenSSL/1.1.1k PHP/7.4.22 
PHP TIME LIMIT: (0) no time limit imposed 
PHP MAX MEMORY: 4294967296 (512M default) 
MEMORY STACK: 20MB

********************************************************************************
DATABASE:
********************************************************************************
BUILD MODE:   MYSQLDUMP
MYSQLTIMEOUT: 5000
MYSQLDUMP:    Is Supported
SQL CREATED: 20210918_mengaji_689d9c74ff594f2d3231_20210918140709_database.sql
SQL FILE SIZE: 8.67MB (9091650)
SQL FILE TIME: 2021-09-18 14:07:46
SQL RUNTIME: 27.46 sec.

********************************************************************************
ARCHIVE (ZIP):
********************************************************************************
ARCHIVE DIR:  C:/laragon/www/mengaji
ARCHIVE FILE: 20210918_mengaji_689d9c74ff594f2d3231_20210918140709_archive.zip
FILTERS: *OFF*
DIRS:
	not set
FILES:
	not set
EXTS:  not set
----------------------------------------
COMPRESSING
SIZE:	232.31MB
STATS:	Dirs 2,098 | Files 12,850
SQL ADDED: 20210918_mengaji_689d9c74ff594f2d3231_20210918140709_database.sql
ZipArchive Object
(
    [status] => 0
    [statusSys] => 0
    [numFiles] => 14948
    [filename] => C:\laragon\www\mengaji\wp-content\backups-dup-lite\tmp\20210918_mengaji_689d9c74ff594f2d3231_20210918140709_archive.zip
    [comment] => 
)

FILE ADDED TO ZIP: 14947
COMPRESSION RESULT: '1'
COMPRESSED SIZE: 86.27MB
ARCHIVE RUNTIME: 18.01 sec.
MEMORY STACK: 24MB
building installer
add_extra_files1
add_extra_files2
add_extra_files3
add_extra_files4
Doing archive file check
add_extra_files5
add_extra_files6
add_extra_files8
Successfully opened zip C:/laragon/www/mengaji/wp-content/backups-dup-lite/tmp/20210918_mengaji_689d9c74ff594f2d3231_20210918140709_archive.zip
Adding enhanced installer files to archive using ZipArchive
Installer files added to archive
Added to archive
After ziparchive close when adding installer

********************************************************************************
INTEGRITY CHECKS:
********************************************************************************
SQL FILE: 8.67MB
INSTALLER FILE: 64.26KB
ARCHIVE FILE: 87.33MB 
EXPECTED FILE/DIRECTORY COUNT: 14,948
ACTUAL FILE/DIRECTORY COUNT: 14,947
ARCHIVE CONSISTENCY TEST: Pass

********************************************************************************
RECORD ID:[2]
TOTAL PROCESS RUNTIME: 46.84 sec.
PEAK PHP MEMORY USED: 28MB
DONE PROCESSING => 20210918_mengaji September 18, 2021 2:08 pm

